Determining if the pthread_create exist failed with the following output:
Change Dir: /home/zeged/catkin_ws/build/CMakeFiles/CMakeTmp

Run Build Command:"/usr/bin/make" "cmTC_bc319/fast"
/usr/bin/make -f CMakeFiles/cmTC_bc319.dir/build.make CMakeFiles/cmTC_bc319.dir/build
make[1]: Entering directory '/home/zeged/catkin_ws/build/CMakeFiles/CMakeTmp'
Building C object CMakeFiles/cmTC_bc319.dir/CheckSymbolExists.c.o
/usr/bin/cc     -o CMakeFiles/cmTC_bc319.dir/CheckSymbolExists.c.o   -c /home/zeged/catkin_ws/build/CMakeFiles/CMakeTmp/CheckSymbolExists.c
Linking C executable cmTC_bc319
/usr/bin/cmake -E cmake_link_script CMakeFiles/cmTC_bc319.dir/link.txt --verbose=1
/usr/bin/cc       CMakeFiles/cmTC_bc319.dir/CheckSymbolExists.c.o  -o cmTC_bc319 -rdynamic 
CMakeFiles/cmTC_bc319.dir/CheckSymbolExists.c.o: In function `main':
CheckSymbolExists.c:(.text+0x16): undefined reference to `pthread_create'
collect2: error: ld returned 1 exit status
CMakeFiles/cmTC_bc319.dir/build.make:97: recipe for target 'cmTC_bc319' failed
make[1]: *** [cmTC_bc319] Error 1
make[1]: Leaving directory '/home/zeged/catkin_ws/build/CMakeFiles/CMakeTmp'
Makefile:126: recipe for target 'cmTC_bc319/fast' failed
make: *** [cmTC_bc319/fast] Error 2

File /home/zeged/catkin_ws/build/CMakeFiles/CMakeTmp/CheckSymbolExists.c:
/* */
#include <pthread.h>

int main(int argc, char** argv)
{
  (void)argv;
#ifndef pthread_create
  return ((int*)(&pthread_create))[argc];
#else
  (void)argc;
  return 0;
#endif
}

Determining if the function pthread_create exists in the pthreads failed with the following output:
Change Dir: /home/zeged/catkin_ws/build/CMakeFiles/CMakeTmp

Run Build Command:"/usr/bin/make" "cmTC_9e09e/fast"
/usr/bin/make -f CMakeFiles/cmTC_9e09e.dir/build.make CMakeFiles/cmTC_9e09e.dir/build
make[1]: Entering directory '/home/zeged/catkin_ws/build/CMakeFiles/CMakeTmp'
Building C object CMakeFiles/cmTC_9e09e.dir/CheckFunctionExists.c.o
/usr/bin/cc    -DCHECK_FUNCTION_EXISTS=pthread_create   -o CMakeFiles/cmTC_9e09e.dir/CheckFunctionExists.c.o   -c /usr/share/cmake-3.5/Modules/CheckFunctionExists.c
Linking C executable cmTC_9e09e
/usr/bin/cmake -E cmake_link_script CMakeFiles/cmTC_9e09e.dir/link.txt --verbose=1
/usr/bin/cc   -DCHECK_FUNCTION_EXISTS=pthread_create    CMakeFiles/cmTC_9e09e.dir/CheckFunctionExists.c.o  -o cmTC_9e09e -rdynamic -lpthreads 
/usr/bin/ld: cannot find -lpthreads
collect2: error: ld returned 1 exit status
CMakeFiles/cmTC_9e09e.dir/build.make:97: recipe for target 'cmTC_9e09e' failed
make[1]: *** [cmTC_9e09e] Error 1
make[1]: Leaving directory '/home/zeged/catkin_ws/build/CMakeFiles/CMakeTmp'
Makefile:126: recipe for target 'cmTC_9e09e/fast' failed
make: *** [cmTC_9e09e/fast] Error 2


Determining if the CL_VERSION_2_0 exist failed with the following output:
Change Dir: /home/zeged/catkin_ws/build/CMakeFiles/CMakeTmp

Run Build Command:"/usr/bin/make" "cmTC_b819f/fast"
/usr/bin/make -f CMakeFiles/cmTC_b819f.dir/build.make CMakeFiles/cmTC_b819f.dir/build
make[1]: Entering directory '/home/zeged/catkin_ws/build/CMakeFiles/CMakeTmp'
Building C object CMakeFiles/cmTC_b819f.dir/CheckSymbolExists.c.o
/usr/bin/cc     -o CMakeFiles/cmTC_b819f.dir/CheckSymbolExists.c.o   -c /home/zeged/catkin_ws/build/CMakeFiles/CMakeTmp/CheckSymbolExists.c
/home/zeged/catkin_ws/build/CMakeFiles/CMakeTmp/CheckSymbolExists.c:2:47: fatal error: OpenCL_INCLUDE_DIR-NOTFOUND/CL/cl.h: No such file or directory
compilation terminated.
CMakeFiles/cmTC_b819f.dir/build.make:65: recipe for target 'CMakeFiles/cmTC_b819f.dir/CheckSymbolExists.c.o' failed
make[1]: *** [CMakeFiles/cmTC_b819f.dir/CheckSymbolExists.c.o] Error 1
make[1]: Leaving directory '/home/zeged/catkin_ws/build/CMakeFiles/CMakeTmp'
Makefile:126: recipe for target 'cmTC_b819f/fast' failed
make: *** [cmTC_b819f/fast] Error 2

File /home/zeged/catkin_ws/build/CMakeFiles/CMakeTmp/CheckSymbolExists.c:
/* */
#include <OpenCL_INCLUDE_DIR-NOTFOUND/CL/cl.h>

int main(int argc, char** argv)
{
  (void)argv;
#ifndef CL_VERSION_2_0
  return ((int*)(&CL_VERSION_2_0))[argc];
#else
  (void)argc;
  return 0;
#endif
}

Determining if the CL_VERSION_1_2 exist failed with the following output:
Change Dir: /home/zeged/catkin_ws/build/CMakeFiles/CMakeTmp

Run Build Command:"/usr/bin/make" "cmTC_a7c0d/fast"
/usr/bin/make -f CMakeFiles/cmTC_a7c0d.dir/build.make CMakeFiles/cmTC_a7c0d.dir/build
make[1]: Entering directory '/home/zeged/catkin_ws/build/CMakeFiles/CMakeTmp'
Building C object CMakeFiles/cmTC_a7c0d.dir/CheckSymbolExists.c.o
/usr/bin/cc     -o CMakeFiles/cmTC_a7c0d.dir/CheckSymbolExists.c.o   -c /home/zeged/catkin_ws/build/CMakeFiles/CMakeTmp/CheckSymbolExists.c
/home/zeged/catkin_ws/build/CMakeFiles/CMakeTmp/CheckSymbolExists.c:2:47: fatal error: OpenCL_INCLUDE_DIR-NOTFOUND/CL/cl.h: No such file or directory
compilation terminated.
CMakeFiles/cmTC_a7c0d.dir/build.make:65: recipe for target 'CMakeFiles/cmTC_a7c0d.dir/CheckSymbolExists.c.o' failed
make[1]: *** [CMakeFiles/cmTC_a7c0d.dir/CheckSymbolExists.c.o] Error 1
make[1]: Leaving directory '/home/zeged/catkin_ws/build/CMakeFiles/CMakeTmp'
Makefile:126: recipe for target 'cmTC_a7c0d/fast' failed
make: *** [cmTC_a7c0d/fast] Error 2

File /home/zeged/catkin_ws/build/CMakeFiles/CMakeTmp/CheckSymbolExists.c:
/* */
#include <OpenCL_INCLUDE_DIR-NOTFOUND/CL/cl.h>

int main(int argc, char** argv)
{
  (void)argv;
#ifndef CL_VERSION_1_2
  return ((int*)(&CL_VERSION_1_2))[argc];
#else
  (void)argc;
  return 0;
#endif
}

Determining if the CL_VERSION_1_1 exist failed with the following output:
Change Dir: /home/zeged/catkin_ws/build/CMakeFiles/CMakeTmp

Run Build Command:"/usr/bin/make" "cmTC_20153/fast"
/usr/bin/make -f CMakeFiles/cmTC_20153.dir/build.make CMakeFiles/cmTC_20153.dir/build
make[1]: Entering directory '/home/zeged/catkin_ws/build/CMakeFiles/CMakeTmp'
Building C object CMakeFiles/cmTC_20153.dir/CheckSymbolExists.c.o
/usr/bin/cc     -o CMakeFiles/cmTC_20153.dir/CheckSymbolExists.c.o   -c /home/zeged/catkin_ws/build/CMakeFiles/CMakeTmp/CheckSymbolExists.c
/home/zeged/catkin_ws/build/CMakeFiles/CMakeTmp/CheckSymbolExists.c:2:47: fatal error: OpenCL_INCLUDE_DIR-NOTFOUND/CL/cl.h: No such file or directory
compilation terminated.
CMakeFiles/cmTC_20153.dir/build.make:65: recipe for target 'CMakeFiles/cmTC_20153.dir/CheckSymbolExists.c.o' failed
make[1]: *** [CMakeFiles/cmTC_20153.dir/CheckSymbolExists.c.o] Error 1
make[1]: Leaving directory '/home/zeged/catkin_ws/build/CMakeFiles/CMakeTmp'
Makefile:126: recipe for target 'cmTC_20153/fast' failed
make: *** [cmTC_20153/fast] Error 2

File /home/zeged/catkin_ws/build/CMakeFiles/CMakeTmp/CheckSymbolExists.c:
/* */
#include <OpenCL_INCLUDE_DIR-NOTFOUND/CL/cl.h>

int main(int argc, char** argv)
{
  (void)argv;
#ifndef CL_VERSION_1_1
  return ((int*)(&CL_VERSION_1_1))[argc];
#else
  (void)argc;
  return 0;
#endif
}

Determining if the CL_VERSION_1_0 exist failed with the following output:
Change Dir: /home/zeged/catkin_ws/build/CMakeFiles/CMakeTmp

Run Build Command:"/usr/bin/make" "cmTC_5a5cc/fast"
/usr/bin/make -f CMakeFiles/cmTC_5a5cc.dir/build.make CMakeFiles/cmTC_5a5cc.dir/build
make[1]: Entering directory '/home/zeged/catkin_ws/build/CMakeFiles/CMakeTmp'
Building C object CMakeFiles/cmTC_5a5cc.dir/CheckSymbolExists.c.o
/usr/bin/cc     -o CMakeFiles/cmTC_5a5cc.dir/CheckSymbolExists.c.o   -c /home/zeged/catkin_ws/build/CMakeFiles/CMakeTmp/CheckSymbolExists.c
/home/zeged/catkin_ws/build/CMakeFiles/CMakeTmp/CheckSymbolExists.c:2:47: fatal error: OpenCL_INCLUDE_DIR-NOTFOUND/CL/cl.h: No such file or directory
compilation terminated.
CMakeFiles/cmTC_5a5cc.dir/build.make:65: recipe for target 'CMakeFiles/cmTC_5a5cc.dir/CheckSymbolExists.c.o' failed
make[1]: *** [CMakeFiles/cmTC_5a5cc.dir/CheckSymbolExists.c.o] Error 1
make[1]: Leaving directory '/home/zeged/catkin_ws/build/CMakeFiles/CMakeTmp'
Makefile:126: recipe for target 'cmTC_5a5cc/fast' failed
make: *** [cmTC_5a5cc/fast] Error 2

File /home/zeged/catkin_ws/build/CMakeFiles/CMakeTmp/CheckSymbolExists.c:
/* */
#include <OpenCL_INCLUDE_DIR-NOTFOUND/CL/cl.h>

int main(int argc, char** argv)
{
  (void)argv;
#ifndef CL_VERSION_1_0
  return ((int*)(&CL_VERSION_1_0))[argc];
#else
  (void)argc;
  return 0;
#endif
}

